-------------------------------------------------------------------------------
Test set: com.example.studentservices.CamelSampleProjectApplicationTests
-------------------------------------------------------------------------------
Tests run: 1, Failures: 0, Errors: 1, Skipped: 0, Time elapsed: 1.037 s <<< FAILURE! - in com.example.studentservices.CamelSampleProjectApplicationTests
initializationError(com.example.studentservices.CamelSampleProjectApplicationTests)  Time elapsed: 0.689 s  <<< ERROR!
java.lang.IllegalStateException: Unable to find a @SpringBootConfiguration, you need to use @ContextConfiguration or @SpringBootTest(classes=...) with your test

